<?xml version="1.0" encoding="UTF-8"?>
<!-- Generated by org.testng.reporters.JUnitReportReporter -->
<testsuite hostname="ATMECSINLT-044" failures="0" tests="1" name="com.atmecs.NinjaStore.testscripts.NinjaStoreTestcase" time="45.931" errors="0" timestamp="08 Nov 2019 09:23:41 GMT" skipped="0">
  <testcase classname="com.atmecs.NinjaStore.testscripts.NinjaStoreTestcase" name="testcase1" time="45.931"/>
</testsuite> <!-- com.atmecs.NinjaStore.testscripts.NinjaStoreTestcase -->
